{"name": "Проврека добавления товара в админке", "status": "broken", "statusDetails": {"message": "selenium.common.exceptions.NoSuchWindowException: Message: no such window: target window already closed\nfrom unknown error: web view not found\n  (Session info: chrome=138.0.7204.35)\nStacktrace:\n0   chromedriver                        0x0000000104f8d660 cxxbridge1$str$ptr + 2724392\n1   chromedriver                        0x0000000104f855d8 cxxbridge1$str$ptr + 2691488\n2   chromedriver                        0x0000000104ad60fc cxxbridge1$string$len + 90068\n3   chromedriver                        0x0000000104ab0098 chromedriver + 131224\n4   chromedriver                        0x0000000104b4556c cxxbridge1$string$len + 545860\n5   chromedriver                        0x0000000104b5e3b4 cxxbridge1$string$len + 647820\n6   chromedriver                        0x0000000104b11790 cxxbridge1$string$len + 333416\n7   chromedriver                        0x0000000104f51440 cxxbridge1$str$ptr + 2478088\n8   chromedriver                        0x0000000104f546a8 cxxbridge1$str$ptr + 2490992\n9   chromedriver                        0x0000000104f32328 cxxbridge1$str$ptr + 2350832\n10  chromedriver                        0x0000000104f54f64 cxxbridge1$str$ptr + 2493228\n11  chromedriver                        0x0000000104f23414 cxxbridge1$str$ptr + 2289628\n12  chromedriver                        0x0000000104f75090 cxxbridge1$str$ptr + 2624600\n13  chromedriver                        0x0000000104f7521c cxxbridge1$str$ptr + 2624996\n14  chromedriver                        0x0000000104f85214 cxxbridge1$str$ptr + 2690524\n15  libsystem_pthread.dylib             0x000000019397ec0c _pthread_start + 136\n16  libsystem_pthread.dylib             0x0000000193979b80 thread_start + 8", "trace": "browser = <selenium.webdriver.chrome.webdriver.WebDriver (session=\"e89716e89fcd0653617194f9f812703f\")>\n\n    @allure.title(\"Проврека добавления товара в админке\")\n    def test_add_new_product(browser):\n        page_admin = PageAdmin(browser)\n        with allure.step(\"1. Авторизация в админке\"):\n>           page_admin.open(browser.url + \"/administration\")\n\ntest_ui_opencart.py:95: \n_ _ _ _ _ _ _ _ _ _ _ _ _ _ _ _ _ _ _ _ _ _ _ _ _ _ _ _ _ _ _ _ _ _ _ _ _ _ _ _ \n../pages/base_page.py:13: in open\n    self.browser.get(url)\n/Library/Frameworks/Python.framework/Versions/3.11/lib/python3.11/site-packages/selenium/webdriver/remote/webdriver.py:393: in get\n    self.execute(Command.GET, {\"url\": url})\n/Library/Frameworks/Python.framework/Versions/3.11/lib/python3.11/site-packages/selenium/webdriver/remote/webdriver.py:384: in execute\n    self.error_handler.check_response(response)\n_ _ _ _ _ _ _ _ _ _ _ _ _ _ _ _ _ _ _ _ _ _ _ _ _ _ _ _ _ _ _ _ _ _ _ _ _ _ _ _ \n\nself = <selenium.webdriver.remote.errorhandler.ErrorHandler object at 0x11055d210>\nresponse = {'status': 404, 'value': '{\"value\":{\"error\":\"no such window\",\"message\":\"no such window: target window already closed\\\\...00019397ec0c _pthread_start + 136\\\\n16  libsystem_pthread.dylib             0x0000000193979b80 thread_start + 8\\\\n\"}}'}\n\n    def check_response(self, response: Dict[str, Any]) -> None:\n        \"\"\"Checks that a JSON response from the WebDriver does not have an\n        error.\n    \n        :Args:\n         - response - The JSON response from the WebDriver server as a dictionary\n           object.\n    \n        :Raises: If the response contains an error message.\n        \"\"\"\n        status = response.get(\"status\", None)\n        if not status or status == ErrorCode.SUCCESS:\n            return\n        value = None\n        message = response.get(\"message\", \"\")\n        screen: str = response.get(\"screen\", \"\")\n        stacktrace = None\n        if isinstance(status, int):\n            value_json = response.get(\"value\", None)\n            if value_json and isinstance(value_json, str):\n                import json\n    \n                try:\n                    value = json.loads(value_json)\n                    if len(value) == 1:\n                        value = value[\"value\"]\n                    status = value.get(\"error\", None)\n                    if not status:\n                        status = value.get(\"status\", ErrorCode.UNKNOWN_ERROR)\n                        message = value.get(\"value\") or value.get(\"message\")\n                        if not isinstance(message, str):\n                            value = message\n                            message = message.get(\"message\")\n                    else:\n                        message = value.get(\"message\", None)\n                except ValueError:\n                    pass\n    \n        exception_class: Type[WebDriverException]\n        e = ErrorCode()\n        error_codes = [item for item in dir(e) if not item.startswith(\"__\")]\n        for error_code in error_codes:\n            error_info = getattr(ErrorCode, error_code)\n            if isinstance(error_info, list) and status in error_info:\n                exception_class = getattr(ExceptionMapping, error_code, WebDriverException)\n                break\n        else:\n            exception_class = WebDriverException\n    \n        if not value:\n            value = response[\"value\"]\n        if isinstance(value, str):\n            raise exception_class(value)\n        if message == \"\" and \"message\" in value:\n            message = value[\"message\"]\n    \n        screen = None  # type: ignore[assignment]\n        if \"screen\" in value:\n            screen = value[\"screen\"]\n    \n        stacktrace = None\n        st_value = value.get(\"stackTrace\") or value.get(\"stacktrace\")\n        if st_value:\n            if isinstance(st_value, str):\n                stacktrace = st_value.split(\"\\n\")\n            else:\n                stacktrace = []\n                try:\n                    for frame in st_value:\n                        line = frame.get(\"lineNumber\", \"\")\n                        file = frame.get(\"fileName\", \"<anonymous>\")\n                        if line:\n                            file = f\"{file}:{line}\"\n                        meth = frame.get(\"methodName\", \"<anonymous>\")\n                        if \"className\" in frame:\n                            meth = f\"{frame['className']}.{meth}\"\n                        msg = \"    at %s (%s)\"\n                        msg = msg % (meth, file)\n                        stacktrace.append(msg)\n                except TypeError:\n                    pass\n        if exception_class == UnexpectedAlertPresentException:\n            alert_text = None\n            if \"data\" in value:\n                alert_text = value[\"data\"].get(\"text\")\n            elif \"alert\" in value:\n                alert_text = value[\"alert\"].get(\"text\")\n            raise exception_class(message, screen, stacktrace, alert_text)  # type: ignore[call-arg]  # mypy is not smart enough here\n>       raise exception_class(message, screen, stacktrace)\nE       selenium.common.exceptions.NoSuchWindowException: Message: no such window: target window already closed\nE       from unknown error: web view not found\nE         (Session info: chrome=138.0.7204.35)\nE       Stacktrace:\nE       0   chromedriver                        0x0000000104f8d660 cxxbridge1$str$ptr + 2724392\nE       1   chromedriver                        0x0000000104f855d8 cxxbridge1$str$ptr + 2691488\nE       2   chromedriver                        0x0000000104ad60fc cxxbridge1$string$len + 90068\nE       3   chromedriver                        0x0000000104ab0098 chromedriver + 131224\nE       4   chromedriver                        0x0000000104b4556c cxxbridge1$string$len + 545860\nE       5   chromedriver                        0x0000000104b5e3b4 cxxbridge1$string$len + 647820\nE       6   chromedriver                        0x0000000104b11790 cxxbridge1$string$len + 333416\nE       7   chromedriver                        0x0000000104f51440 cxxbridge1$str$ptr + 2478088\nE       8   chromedriver                        0x0000000104f546a8 cxxbridge1$str$ptr + 2490992\nE       9   chromedriver                        0x0000000104f32328 cxxbridge1$str$ptr + 2350832\nE       10  chromedriver                        0x0000000104f54f64 cxxbridge1$str$ptr + 2493228\nE       11  chromedriver                        0x0000000104f23414 cxxbridge1$str$ptr + 2289628\nE       12  chromedriver                        0x0000000104f75090 cxxbridge1$str$ptr + 2624600\nE       13  chromedriver                        0x0000000104f7521c cxxbridge1$str$ptr + 2624996\nE       14  chromedriver                        0x0000000104f85214 cxxbridge1$str$ptr + 2690524\nE       15  libsystem_pthread.dylib             0x000000019397ec0c _pthread_start + 136\nE       16  libsystem_pthread.dylib             0x0000000193979b80 thread_start + 8\n\n/Library/Frameworks/Python.framework/Versions/3.11/lib/python3.11/site-packages/selenium/webdriver/remote/errorhandler.py:232: NoSuchWindowException"}, "steps": [{"name": "1. Авторизация в админке", "status": "broken", "statusDetails": {"message": "selenium.common.exceptions.NoSuchWindowException: Message: no such window: target window already closed\nfrom unknown error: web view not found\n  (Session info: chrome=138.0.7204.35)\nStacktrace:\n0   chromedriver                        0x0000000104f8d660 cxxbridge1$str$ptr + 2724392\n1   chromedriver                        0x0000000104f855d8 cxxbridge1$str$ptr + 2691488\n2   chromedriver                        0x0000000104ad60fc cxxbridge1$string$len + 90068\n3   chromedriver                        0x0000000104ab0098 chromedriver + 131224\n4   chromedriver                        0x0000000104b4556c cxxbridge1$string$len + 545860\n5   chromedriver                        0x0000000104b5e3b4 cxxbridge1$string$len + 647820\n6   chromedriver                        0x0000000104b11790 cxxbridge1$string$len + 333416\n7   chromedriver                        0x0000000104f51440 cxxbridge1$str$ptr + 2478088\n8   chromedriver                        0x0000000104f546a8 cxxbridge1$str$ptr + 2490992\n9   chromedriver                        0x0000000104f32328 cxxbridge1$str$ptr + 2350832\n10  chromedriver                        0x0000000104f54f64 cxxbridge1$str$ptr + 2493228\n11  chromedriver                        0x0000000104f23414 cxxbridge1$str$ptr + 2289628\n12  chromedriver                        0x0000000104f75090 cxxbridge1$str$ptr + 2624600\n13  chromedriver                        0x0000000104f7521c cxxbridge1$str$ptr + 2624996\n14  chromedriver                        0x0000000104f85214 cxxbridge1$str$ptr + 2690524\n15  libsystem_pthread.dylib             0x000000019397ec0c _pthread_start + 136\n16  libsystem_pthread.dylib             0x0000000193979b80 thread_start + 8\n\n", "trace": "  File \"/Users/maria.kosheleva/otus_final_project/src/tests/test_ui_opencart.py\", line 95, in test_add_new_product\n    page_admin.open(browser.url + \"/administration\")\n  File \"/Library/Frameworks/Python.framework/Versions/3.11/lib/python3.11/site-packages/allure_commons/_allure.py\", line 192, in impl\n    return func(*a, **kw)\n           ^^^^^^^^^^^^^^\n  File \"/Users/maria.kosheleva/otus_final_project/src/pages/base_page.py\", line 13, in open\n    self.browser.get(url)\n  File \"/Library/Frameworks/Python.framework/Versions/3.11/lib/python3.11/site-packages/selenium/webdriver/remote/webdriver.py\", line 393, in get\n    self.execute(Command.GET, {\"url\": url})\n  File \"/Library/Frameworks/Python.framework/Versions/3.11/lib/python3.11/site-packages/selenium/webdriver/remote/webdriver.py\", line 384, in execute\n    self.error_handler.check_response(response)\n  File \"/Library/Frameworks/Python.framework/Versions/3.11/lib/python3.11/site-packages/selenium/webdriver/remote/errorhandler.py\", line 232, in check_response\n    raise exception_class(message, screen, stacktrace)\n"}, "steps": [{"name": "open", "status": "broken", "statusDetails": {"message": "selenium.common.exceptions.NoSuchWindowException: Message: no such window: target window already closed\nfrom unknown error: web view not found\n  (Session info: chrome=138.0.7204.35)\nStacktrace:\n0   chromedriver                        0x0000000104f8d660 cxxbridge1$str$ptr + 2724392\n1   chromedriver                        0x0000000104f855d8 cxxbridge1$str$ptr + 2691488\n2   chromedriver                        0x0000000104ad60fc cxxbridge1$string$len + 90068\n3   chromedriver                        0x0000000104ab0098 chromedriver + 131224\n4   chromedriver                        0x0000000104b4556c cxxbridge1$string$len + 545860\n5   chromedriver                        0x0000000104b5e3b4 cxxbridge1$string$len + 647820\n6   chromedriver                        0x0000000104b11790 cxxbridge1$string$len + 333416\n7   chromedriver                        0x0000000104f51440 cxxbridge1$str$ptr + 2478088\n8   chromedriver                        0x0000000104f546a8 cxxbridge1$str$ptr + 2490992\n9   chromedriver                        0x0000000104f32328 cxxbridge1$str$ptr + 2350832\n10  chromedriver                        0x0000000104f54f64 cxxbridge1$str$ptr + 2493228\n11  chromedriver                        0x0000000104f23414 cxxbridge1$str$ptr + 2289628\n12  chromedriver                        0x0000000104f75090 cxxbridge1$str$ptr + 2624600\n13  chromedriver                        0x0000000104f7521c cxxbridge1$str$ptr + 2624996\n14  chromedriver                        0x0000000104f85214 cxxbridge1$str$ptr + 2690524\n15  libsystem_pthread.dylib             0x000000019397ec0c _pthread_start + 136\n16  libsystem_pthread.dylib             0x0000000193979b80 thread_start + 8\n\n", "trace": "  File \"/Library/Frameworks/Python.framework/Versions/3.11/lib/python3.11/site-packages/allure_commons/_allure.py\", line 192, in impl\n    return func(*a, **kw)\n           ^^^^^^^^^^^^^^\n  File \"/Users/maria.kosheleva/otus_final_project/src/pages/base_page.py\", line 13, in open\n    self.browser.get(url)\n  File \"/Library/Frameworks/Python.framework/Versions/3.11/lib/python3.11/site-packages/selenium/webdriver/remote/webdriver.py\", line 393, in get\n    self.execute(Command.GET, {\"url\": url})\n  File \"/Library/Frameworks/Python.framework/Versions/3.11/lib/python3.11/site-packages/selenium/webdriver/remote/webdriver.py\", line 384, in execute\n    self.error_handler.check_response(response)\n  File \"/Library/Frameworks/Python.framework/Versions/3.11/lib/python3.11/site-packages/selenium/webdriver/remote/errorhandler.py\", line 232, in check_response\n    raise exception_class(message, screen, stacktrace)\n"}, "parameters": [{"name": "url", "value": "'http://192.168.0.12:8080/administration'"}], "start": 1750508380562, "stop": 1750508380562}], "start": 1750508380562, "stop": 1750508380565}], "attachments": [{"name": "log", "source": "42f43df7-989b-4674-802e-80a957659663-attachment.txt", "type": "text/plain"}], "start": 1750508380562, "stop": 1750508380566, "uuid": "313c8ba3-87f5-4eaa-960c-fa01f7423cdd", "historyId": "48232870663c23ffdf6af4af4e367e0c", "testCaseId": "48232870663c23ffdf6af4af4e367e0c", "fullName": "src.tests.test_ui_opencart#test_add_new_product", "labels": [{"name": "parentSuite", "value": "src.tests"}, {"name": "suite", "value": "test_ui_opencart"}, {"name": "host", "value": "maria-kosheleva"}, {"name": "thread", "value": "94955-MainThread"}, {"name": "framework", "value": "pytest"}, {"name": "language", "value": "cpython3"}, {"name": "package", "value": "src.tests.test_ui_opencart"}]}